<beans xmlns="http://www.springframework.org/schema/beans"
       xmlns:xsi="http://www.w3.org/2001/XMLSchema-instance"
       xmlns:context="http://www.springframework.org/schema/context"
       xsi:schemaLocation="http://www.springframework.org/schema/beans http://www.springframework.org/schema/beans/spring-beans-3.0.xsd
    http://www.springframework.org/schema/context http://www.springframework.org/schema/context/spring-context-3.0.xsd">
    <context:component-scan base-package="com.phoneBook.dao" />
    <bean id="myDataSource" class="org.apache.commons.dbcp.BasicDataSource" destroy-method="close">
        <property name="driverClassName" value="org.postgresql.Driver" />
        <property name="url" value="jdbc:postgresql://localhost:5432/postgres" />
        <property name="username" value="postgres" />
        <property name="password" value="a1f10g" />
        <property name="initialSize" value="20" />
        <property name="maxActive" value="100"/>
    </bean>
    <bean id="mySessionFactory" class="org.springframework.orm.hibernate5.LocalSessionFactoryBean">
        <property name="dataSource" ref="myDataSource"/>
        <property name="hibernateProperties">
            <props>
                <prop key="hibernate.dialect">org.hibernate.dialect.PostgreSQL94Dialect</prop>
                <prop key="hibernate.show_sql">true</prop>
            </props>
        </property>
        <property name="annotatedClasses">
            <list>
                <value>com.phoneBook.model.Address</value>
                <value>com.phoneBook.model.Contact</value>
                <value>com.phoneBook.model.User</value>
                <value>com.phoneBook.model.Lang</value>
            </list>
        </property>
    </bean>
</beans>